2026-03-11 09:52:00.766 +05:30 [INF] HTTP GET /api/dashboard/staff-stats responded 404 in 133.4748 ms
2026-03-11 09:52:26.071 +05:30 [INF] HTTP OPTIONS /api/auth/login responded 204 in 4.9528 ms
2026-03-11 09:52:32.985 +05:30 [INF] HTTP POST /api/auth/login responded 200 in 6815.8536 ms
2026-03-11 09:52:33.361 +05:30 [INF] HTTP OPTIONS /api/dashboard/stats responded 204 in 0.5106 ms
2026-03-11 09:52:36.223 +05:30 [INF] HTTP GET /api/dashboard/stats responded 200 in 2364.3112 ms
2026-03-11 09:52:59.309 +05:30 [INF] HTTP OPTIONS /api/auth/users responded 204 in 0.6975 ms
2026-03-11 09:52:59.957 +05:30 [INF] HTTP GET /api/auth/users responded 200 in 634.7664 ms
2026-03-11 09:53:02.209 +05:30 [INF] HTTP OPTIONS /api/dashboard/stats responded 204 in 0.6018 ms
2026-03-11 09:53:04.689 +05:30 [INF] HTTP GET /api/dashboard/stats responded 200 in 2469.9803 ms
2026-03-11 09:54:05.910 +05:30 [INF] HTTP OPTIONS /api/auth/create-user responded 204 in 0.4407 ms
2026-03-11 09:54:13.600 +05:30 [INF] HTTP POST /api/auth/create-user responded 200 in 7678.7025 ms
2026-03-11 09:54:13.708 +05:30 [INF] HTTP OPTIONS /api/auth/users responded 204 in 0.0423 ms
2026-03-11 09:54:14.660 +05:30 [INF] HTTP GET /api/auth/users responded 200 in 944.4380 ms
2026-03-11 09:54:25.565 +05:30 [INF] HTTP GET /api/auth/users responded 401 in 2.4759 ms
2026-03-11 09:54:58.532 +05:30 [INF] HTTP OPTIONS /api/auth/login responded 204 in 0.1476 ms
2026-03-11 09:54:59.330 +05:30 [INF] HTTP POST /api/auth/login responded 200 in 784.1454 ms
2026-03-11 09:55:33.431 +05:30 [INF] HTTP OPTIONS /api/auth/change-password responded 204 in 0.2343 ms
2026-03-11 09:55:35.113 +05:30 [INF] HTTP POST /api/auth/change-password responded 200 in 1669.5598 ms
2026-03-11 09:55:35.240 +05:30 [INF] HTTP OPTIONS /api/dashboard/staff-stats responded 204 in 0.0670 ms
2026-03-11 09:55:35.255 +05:30 [INF] HTTP GET /api/dashboard/staff-stats responded 404 in 4.0830 ms
2026-03-11 09:56:45.475 +05:30 [INF] HTTP OPTIONS /api/assets responded 204 in 79.0128 ms
2026-03-11 09:56:46.446 +05:30 [INF] HTTP GET /api/assets responded 200 in 842.5509 ms
2026-03-11 09:56:47.057 +05:30 [INF] HTTP OPTIONS /api/dashboard/staff-stats responded 204 in 0.0762 ms
2026-03-11 09:56:47.088 +05:30 [INF] HTTP GET /api/dashboard/staff-stats responded 404 in 14.2584 ms
2026-03-11 09:56:56.174 +05:30 [INF] HTTP GET /api/dashboard/staff-stats responded 404 in 0.3601 ms
