2026-03-06 10:32:37.544 +05:30 [INF] HTTP OPTIONS /api/auth/login responded 204 in 7.7152 ms
2026-03-06 10:32:41.574 +05:30 [INF] HTTP POST /api/auth/login responded 200 in 3917.9590 ms
2026-03-06 10:50:27.674 +05:30 [INF] HTTP OPTIONS /api/assets responded 204 in 18.3315 ms
2026-03-06 10:50:30.683 +05:30 [INF] HTTP GET /api/assets responded 200 in 2938.4839 ms
2026-03-06 10:50:37.345 +05:30 [INF] HTTP OPTIONS /api/work-orders responded 204 in 0.0857 ms
2026-03-06 10:50:37.984 +05:30 [INF] HTTP GET /api/work-orders responded 200 in 627.2432 ms
2026-03-06 10:50:42.004 +05:30 [INF] HTTP GET /api/work-orders responded 200 in 654.2038 ms
2026-03-06 12:22:32.280 +05:30 [ERR] An error occurred using the connection to database 'urbangrid_dev' on server 'tcp://localhost:5432'.
2026-03-06 12:22:32.361 +05:30 [ERR] An exception occurred while iterating over the results of a query for context type 'UrbanGrid.Infrastructure.Data.UrbanGridDbContext'.
Npgsql.PostgresException (0x80004005): 28P01: password authentication failed for user "postgres"
   at Npgsql.Internal.NpgsqlConnector.ReadMessageLong(Boolean async, DataRowLoadingMode dataRowLoadingMode, Boolean readingNotifications, Boolean isReadingPrependedMessage)
   at System.Runtime.CompilerServices.PoolingAsyncValueTaskMethodBuilder`1.StateMachineBox`1.System.Threading.Tasks.Sources.IValueTaskSource<TResult>.GetResult(Int16 token)
   at Npgsql.Internal.NpgsqlConnector.AuthenticateSASL(List`1 mechanisms, String username, Boolean async, CancellationToken cancellationToken)
   at Npgsql.Internal.NpgsqlConnector.Authenticate(String username, NpgsqlTimeout timeout, Boolean async, CancellationToken cancellationToken)
   at Npgsql.Internal.NpgsqlConnector.<Open>g__OpenCore|213_1(NpgsqlConnector conn, SslMode sslMode, NpgsqlTimeout timeout, Boolean async, CancellationToken cancellationToken, Boolean isFirstAttempt)
   at Npgsql.Internal.NpgsqlConnector.Open(NpgsqlTimeout timeout, Boolean async, CancellationToken cancellationToken)
   at Npgsql.PoolingDataSource.OpenNewConnector(NpgsqlConnection conn, NpgsqlTimeout timeout, Boolean async, CancellationToken cancellationToken)
   at Npgsql.PoolingDataSource.<Get>g__RentAsync|34_0(NpgsqlConnection conn, NpgsqlTimeout timeout, Boolean async, CancellationToken cancellationToken)
   at Npgsql.NpgsqlConnection.<Open>g__OpenAsync|42_0(Boolean async, CancellationToken cancellationToken)
   at Microsoft.EntityFrameworkCore.Storage.RelationalConnection.OpenInternalAsync(Boolean errorsExpected, CancellationToken cancellationToken)
   at Microsoft.EntityFrameworkCore.Storage.RelationalConnection.OpenInternalAsync(Boolean errorsExpected, CancellationToken cancellationToken)
   at Microsoft.EntityFrameworkCore.Storage.RelationalConnection.OpenAsync(CancellationToken cancellationToken, Boolean errorsExpected)
   at Microsoft.EntityFrameworkCore.Storage.RelationalCommand.ExecuteReaderAsync(RelationalCommandParameterObject parameterObject, CancellationToken cancellationToken)
   at Microsoft.EntityFrameworkCore.Query.Internal.SingleQueryingEnumerable`1.AsyncEnumerator.InitializeReaderAsync(AsyncEnumerator enumerator, CancellationToken cancellationToken)
   at Npgsql.EntityFrameworkCore.PostgreSQL.Storage.Internal.NpgsqlExecutionStrategy.ExecuteAsync[TState,TResult](TState state, Func`4 operation, Func`4 verifySucceeded, CancellationToken cancellationToken)
   at Microsoft.EntityFrameworkCore.Query.Internal.SingleQueryingEnumerable`1.AsyncEnumerator.MoveNextAsync()
  Exception data:
    Severity: FATAL
    SqlState: 28P01
    MessageText: password authentication failed for user "postgres"
    File: auth.c
    Line: 320
    Routine: auth_failed
Npgsql.PostgresException (0x80004005): 28P01: password authentication failed for user "postgres"
   at Npgsql.Internal.NpgsqlConnector.ReadMessageLong(Boolean async, DataRowLoadingMode dataRowLoadingMode, Boolean readingNotifications, Boolean isReadingPrependedMessage)
   at System.Runtime.CompilerServices.PoolingAsyncValueTaskMethodBuilder`1.StateMachineBox`1.System.Threading.Tasks.Sources.IValueTaskSource<TResult>.GetResult(Int16 token)
   at Npgsql.Internal.NpgsqlConnector.AuthenticateSASL(List`1 mechanisms, String username, Boolean async, CancellationToken cancellationToken)
   at Npgsql.Internal.NpgsqlConnector.Authenticate(String username, NpgsqlTimeout timeout, Boolean async, CancellationToken cancellationToken)
   at Npgsql.Internal.NpgsqlConnector.<Open>g__OpenCore|213_1(NpgsqlConnector conn, SslMode sslMode, NpgsqlTimeout timeout, Boolean async, CancellationToken cancellationToken, Boolean isFirstAttempt)
   at Npgsql.Internal.NpgsqlConnector.Open(NpgsqlTimeout timeout, Boolean async, CancellationToken cancellationToken)
   at Npgsql.PoolingDataSource.OpenNewConnector(NpgsqlConnection conn, NpgsqlTimeout timeout, Boolean async, CancellationToken cancellationToken)
   at Npgsql.PoolingDataSource.<Get>g__RentAsync|34_0(NpgsqlConnection conn, NpgsqlTimeout timeout, Boolean async, CancellationToken cancellationToken)
   at Npgsql.NpgsqlConnection.<Open>g__OpenAsync|42_0(Boolean async, CancellationToken cancellationToken)
   at Microsoft.EntityFrameworkCore.Storage.RelationalConnection.OpenInternalAsync(Boolean errorsExpected, CancellationToken cancellationToken)
   at Microsoft.EntityFrameworkCore.Storage.RelationalConnection.OpenInternalAsync(Boolean errorsExpected, CancellationToken cancellationToken)
   at Microsoft.EntityFrameworkCore.Storage.RelationalConnection.OpenAsync(CancellationToken cancellationToken, Boolean errorsExpected)
   at Microsoft.EntityFrameworkCore.Storage.RelationalCommand.ExecuteReaderAsync(RelationalCommandParameterObject parameterObject, CancellationToken cancellationToken)
   at Microsoft.EntityFrameworkCore.Query.Internal.SingleQueryingEnumerable`1.AsyncEnumerator.InitializeReaderAsync(AsyncEnumerator enumerator, CancellationToken cancellationToken)
   at Npgsql.EntityFrameworkCore.PostgreSQL.Storage.Internal.NpgsqlExecutionStrategy.ExecuteAsync[TState,TResult](TState state, Func`4 operation, Func`4 verifySucceeded, CancellationToken cancellationToken)
   at Microsoft.EntityFrameworkCore.Query.Internal.SingleQueryingEnumerable`1.AsyncEnumerator.MoveNextAsync()
  Exception data:
    Severity: FATAL
    SqlState: 28P01
    MessageText: password authentication failed for user "postgres"
    File: auth.c
    Line: 320
    Routine: auth_failed
2026-03-06 12:22:32.492 +05:30 [WRN] The WebRootPath was not found: C:\Users\cbhas\UrbanGrid\backend\src\UrbanGrid.API\wwwroot. Static files may be unavailable.
2026-03-06 12:25:45.912 +05:30 [ERR] Failed executing DbCommand (299ms) [Parameters=[], CommandType='"Text"', CommandTimeout='30']
ALTER TABLE "Users" ADD "MustChangePassword" boolean NOT NULL DEFAULT FALSE;
2026-03-06 12:25:46.867 +05:30 [WRN] The WebRootPath was not found: C:\Users\cbhas\UrbanGrid\backend\src\UrbanGrid.API\wwwroot. Static files may be unavailable.
2026-03-06 12:28:46.452 +05:30 [INF] HTTP OPTIONS /api/auth/login responded 204 in 6.3424 ms
2026-03-06 12:28:48.021 +05:30 [INF] HTTP POST /api/auth/login responded 200 in 1537.2524 ms
2026-03-06 12:29:17.882 +05:30 [INF] HTTP OPTIONS /api/auth/login responded 204 in 0.7057 ms
2026-03-06 12:29:18.598 +05:30 [INF] HTTP POST /api/auth/login responded 200 in 709.2331 ms
2026-03-06 12:31:48.052 +05:30 [INF] HTTP OPTIONS /api/auth/create-user responded 204 in 0.1365 ms
2026-03-06 12:31:48.289 +05:30 [INF] HTTP POST /api/auth/create-user responded 400 in 231.6081 ms
2026-03-06 12:44:48.259 +05:30 [ERR] Failed executing DbCommand (311ms) [Parameters=[], CommandType='"Text"', CommandTimeout='30']
ALTER TABLE "Users" ADD "MustChangePassword" boolean NOT NULL DEFAULT FALSE;
2026-03-06 12:44:49.201 +05:30 [WRN] The WebRootPath was not found: C:\Users\cbhas\UrbanGrid\backend\src\UrbanGrid.API\wwwroot. Static files may be unavailable.
2026-03-06 12:46:22.894 +05:30 [INF] HTTP OPTIONS /api/auth/create-user responded 204 in 4.2917 ms
2026-03-06 12:46:23.189 +05:30 [INF] HTTP POST /api/auth/create-user responded 400 in 271.1125 ms
2026-03-06 12:51:32.605 +05:30 [INF] HTTP OPTIONS /api/auth/login responded 204 in 5.6780 ms
2026-03-06 12:51:36.155 +05:30 [INF] HTTP POST /api/auth/login responded 200 in 3528.4021 ms
2026-03-06 12:52:26.489 +05:30 [INF] HTTP OPTIONS /api/auth/create-user responded 204 in 0.1829 ms
2026-03-06 12:52:26.533 +05:30 [INF] HTTP POST /api/auth/create-user responded 400 in 34.5435 ms
2026-03-06 12:55:34.126 +05:30 [INF] HTTP OPTIONS /api/auth/create-user responded 204 in 2.0538 ms
2026-03-06 12:55:34.167 +05:30 [INF] HTTP POST /api/auth/create-user responded 400 in 26.2798 ms
2026-03-06 13:03:00.176 +05:30 [ERR] Failed executing DbCommand (294ms) [Parameters=[], CommandType='"Text"', CommandTimeout='30']
ALTER TABLE "Users" ADD "MustChangePassword" boolean NOT NULL DEFAULT FALSE;
2026-03-06 13:03:00.996 +05:30 [WRN] The WebRootPath was not found: C:\Users\cbhas\UrbanGrid\backend\src\UrbanGrid.API\wwwroot. Static files may be unavailable.
2026-03-06 13:04:06.811 +05:30 [INF] HTTP OPTIONS /api/auth/login responded 204 in 4.1249 ms
2026-03-06 13:04:08.170 +05:30 [INF] HTTP POST /api/auth/login responded 200 in 1331.3458 ms
2026-03-06 13:05:13.818 +05:30 [INF] HTTP OPTIONS /api/auth/create-user responded 204 in 0.5483 ms
2026-03-06 13:05:19.386 +05:30 [INF] HTTP POST /api/auth/create-user responded 200 in 5564.1547 ms
2026-03-06 13:07:50.542 +05:30 [INF] HTTP OPTIONS /api/auth/login responded 204 in 0.3075 ms
2026-03-06 13:07:51.021 +05:30 [INF] HTTP POST /api/auth/login responded 200 in 473.6658 ms
2026-03-06 20:18:40.502 +05:30 [INF] HTTP OPTIONS /api/auth/login responded 204 in 14.5609 ms
2026-03-06 20:18:45.051 +05:30 [INF] HTTP POST /api/auth/login responded 200 in 4449.0771 ms
